生成启动时间为 2017/10/23 9:15:40。
     1>项目“D:\officeSofwares\OpenGL3.3\glfw\build\examples\particles.vcxproj”在节点 5 上(Build 个目标)。
     1>CustomBuild:
         Building Custom Rule D:/officeSofwares/OpenGL3.3/glfw/glfw-3.2.1/examples/CMakeLists.txt
         CMake does not need to re-run because D:/officeSofwares/OpenGL3.3/glfw/build/examples/CMakeFiles/generate.stamp is up-to-date.
       ClCompile:
         C:\Program Files (x86)\Microsoft Visual Studio 12.0\VC\bin\x86_amd64\CL.exe /c /I"D:\officeSofwares\OpenGL3.3\glfw\glfw-3.2.1\deps" /I"D:\officeSofwares\OpenGL3.3\glfw\glfw-3.2.1\include" /Zi /nologo /W3 /WX- /Od /Ob0 /D WIN32 /D _WINDOWS /D _CRT_SECURE_NO_WARNINGS /D "CMAKE_INTDIR=\"Debug\"" /D _MBCS /Gm- /RTC1 /MDd /GS /fp:precise /Zc:wchar_t /Zc:forScope /Fo"particles.dir\Debug\\" /Fd"particles.dir\Debug\vc120.pdb" /Gd /TC /errorReport:prompt "D:\officeSofwares\OpenGL3.3\glfw\glfw-3.2.1\examples\particles.c" "D:\officeSofwares\OpenGL3.3\glfw\glfw-3.2.1\deps\tinycthread.c" "D:\officeSofwares\OpenGL3.3\glfw\glfw-3.2.1\deps\getopt.c" "D:\officeSofwares\OpenGL3.3\glfw\glfw-3.2.1\deps\glad.c"
         particles.c
         tinycthread.c
         getopt.c
         glad.c
         正在生成代码...
       ResourceCompile:
         C:\Program Files (x86)\Windows Kits\8.1\bin\x86\rc.exe /D WIN32 /D _DEBUG /D _WINDOWS /D _CRT_SECURE_NO_WARNINGS /D "CMAKE_INTDIR=\\\"Debug\\\"" /l"0x0409" /I"D:\officeSofwares\OpenGL3.3\glfw\glfw-3.2.1\deps" /I"D:\officeSofwares\OpenGL3.3\glfw\glfw-3.2.1\include" /nologo /fo"particles.dir\Debug\glfw.res" D:\officeSofwares\OpenGL3.3\glfw\glfw-3.2.1\examples\glfw.rc 
       Link:
         C:\Program Files (x86)\Microsoft Visual Studio 12.0\VC\bin\x86_amd64\link.exe /ERRORREPORT:PROMPT /OUT:"D:\officeSofwares\OpenGL3.3\glfw\build\examples\Debug\particles.exe" /INCREMENTAL /NOLOGO ..\src\Debug\glfw3.lib kernel32.lib user32.lib gdi32.lib winspool.lib shell32.lib ole32.lib oleaut32.lib uuid.lib comdlg32.lib advapi32.lib /MANIFEST /MANIFESTUAC:"level='asInvoker' uiAccess='false'" /manifest:embed /DEBUG /PDB:"D:/officeSofwares/OpenGL3.3/glfw/build/examples/Debug/particles.pdb" /SUBSYSTEM:WINDOWS /TLBID:1 /ENTRY:"mainCRTStartup" /DYNAMICBASE /NXCOMPAT /IMPLIB:"D:/officeSofwares/OpenGL3.3/glfw/build/examples/Debug/particles.lib" /MACHINE:X64  /machine:x64 particles.dir\Debug\glfw.res
         particles.dir\Debug\particles.obj
         particles.dir\Debug\tinycthread.obj
         particles.dir\Debug\getopt.obj
         particles.dir\Debug\glad.obj
         particles.vcxproj -> D:\officeSofwares\OpenGL3.3\glfw\build\examples\Debug\particles.exe
     1>已完成生成项目“D:\officeSofwares\OpenGL3.3\glfw\build\examples\particles.vcxproj”(Build 个目标)的操作。

生成成功。

已用时间 00:00:04.37
